build/intermediates/manifest_merge_blame_file/debug/processDebugMainManifest/manifest-merger-blame-debug-report.txt
1<?xml version="1.0" encoding="utf-8"?>
2<manifest xmlns:android="http://schemas.android.com/apk/res/android"
3    package="br.com.qrcred"
4    android:versionCode="12"
5    android:versionName="12" >
6
7    <uses-sdk
8        android:minSdkVersion="21"
9        android:targetSdkVersion="34" />
10    <!--
11         The ACCESS_COARSE/FINE_LOCATION permissions are not required to use
12         Google Maps Android API v2, but you must specify either coarse or fine
13         location permissions for the 'MyLocation' functionality.
14    -->
15    <permission
15-->src\main\AndroidManifest.xml:9:5-11:47
16        android:name="net.learn2develop.googlemaps.permission.MAPS_RECEIVE"
16-->src\main\AndroidManifest.xml:10:9-76
17        android:protectionLevel="signature" />
17-->src\main\AndroidManifest.xml:11:9-44
18
19    <supports-screens
19-->src\main\AndroidManifest.xml:13:5-19:40
20        android:anyDensity="true"
20-->src\main\AndroidManifest.xml:14:9-34
21        android:largeScreens="true"
21-->src\main\AndroidManifest.xml:15:9-36
22        android:normalScreens="true"
22-->src\main\AndroidManifest.xml:16:9-37
23        android:resizeable="true"
23-->src\main\AndroidManifest.xml:17:9-34
24        android:smallScreens="true"
24-->src\main\AndroidManifest.xml:18:9-36
25        android:xlargeScreens="true" />
25-->src\main\AndroidManifest.xml:19:9-37
26
27    <uses-permission android:name="android.permission.ACCESS_COARSE_LOCATION" />
27-->src\main\AndroidManifest.xml:21:5-81
27-->src\main\AndroidManifest.xml:21:22-78
28    <uses-permission android:name="android.permission.ACCESS_FINE_LOCATION" />
28-->src\main\AndroidManifest.xml:22:5-79
28-->src\main\AndroidManifest.xml:22:22-76
29    <uses-permission android:name="android.permission.ACCESS_NETWORK_STATE" />
29-->src\main\AndroidManifest.xml:23:5-79
29-->src\main\AndroidManifest.xml:23:22-76
30    <uses-permission android:name="android.permission.INTERNET" />
30-->src\main\AndroidManifest.xml:24:5-67
30-->src\main\AndroidManifest.xml:24:22-64
31    <uses-permission android:name="android.permission.VIBRATE" />
31-->src\main\AndroidManifest.xml:25:5-66
31-->src\main\AndroidManifest.xml:25:22-63
32    <uses-permission android:name="android.permission.FOREGROUND_SERVICE_CAMERA" />
32-->src\main\AndroidManifest.xml:26:5-84
32-->src\main\AndroidManifest.xml:26:22-81
33    <uses-permission android:name="android.permission.FOREGROUND_SERVICE_DATA_SYNC" />
33-->src\main\AndroidManifest.xml:27:5-87
33-->src\main\AndroidManifest.xml:27:22-84
34    <uses-permission android:name="com.google.android.providers.gsf.permission.READ_GSERVICES" />
34-->src\main\AndroidManifest.xml:28:5-98
34-->src\main\AndroidManifest.xml:28:22-95
35    <uses-permission android:name="android.permission.READ_MEDIA_IMAGES" />
35-->src\main\AndroidManifest.xml:29:5-76
35-->src\main\AndroidManifest.xml:29:22-73
36    <uses-permission
36-->src\main\AndroidManifest.xml:30:5-32:38
37        android:name="android.permission.READ_EXTERNAL_STORAGE"
37-->src\main\AndroidManifest.xml:31:9-64
38        android:maxSdkVersion="32" />
38-->src\main\AndroidManifest.xml:32:9-35
39    <uses-permission
39-->src\main\AndroidManifest.xml:33:5-35:38
40        android:name="android.permission.WRITE_EXTERNAL_STORAGE"
40-->src\main\AndroidManifest.xml:34:9-65
41        android:maxSdkVersion="32" />
41-->src\main\AndroidManifest.xml:35:9-35
42    <uses-permission android:name="android.permission.READ_PHONE_STATE" />
42-->src\main\AndroidManifest.xml:36:5-75
42-->src\main\AndroidManifest.xml:36:22-72
43    <uses-permission android:name="android.permission.CAMERA" />
43-->src\main\AndroidManifest.xml:37:5-65
43-->src\main\AndroidManifest.xml:37:22-62
44    <uses-permission android:name="android.permission.FLASHLIGHT" />
44-->src\main\AndroidManifest.xml:38:5-69
44-->src\main\AndroidManifest.xml:38:22-66
45    <uses-permission android:name="android.permission.POST_NOTIFICATIONS" />
45-->src\main\AndroidManifest.xml:39:5-77
45-->src\main\AndroidManifest.xml:39:22-74
46    <uses-permission android:name="com.sec.android.provider.badge.permission.WRITE" />
46-->src\main\AndroidManifest.xml:40:5-87
46-->src\main\AndroidManifest.xml:40:22-84
47    <uses-permission android:name="com.sec.android.provider.badge.permission.READ" />
47-->src\main\AndroidManifest.xml:41:5-86
47-->src\main\AndroidManifest.xml:41:22-83
48    <uses-permission android:name="com.google.android.c2dm.permission.send" />
48-->src\main\AndroidManifest.xml:42:5-79
48-->src\main\AndroidManifest.xml:42:22-76
49    <uses-permission android:name="com.google.android.c2dm.permission.Reciever" />
49-->src\main\AndroidManifest.xml:43:5-83
49-->src\main\AndroidManifest.xml:43:22-80
50
51    <uses-feature android:name="android.hardware.location" />
51-->src\main\AndroidManifest.xml:45:5-62
51-->src\main\AndroidManifest.xml:45:19-59
52    <uses-feature android:name="android.hardware.location.network" />
52-->src\main\AndroidManifest.xml:46:5-70
52-->src\main\AndroidManifest.xml:46:19-67
53    <uses-feature
53-->src\main\AndroidManifest.xml:47:5-49:36
54        android:name="android.hardware.camera"
54-->src\main\AndroidManifest.xml:48:9-47
55        android:required="false" />
55-->src\main\AndroidManifest.xml:49:9-33
56
57    <!-- Permission will be merged into the manifest of the hosting app. -->
58    <!-- Is required to launch foreground extraction service for targetSdkVersion 28+. -->
59    <uses-permission android:name="android.permission.FOREGROUND_SERVICE" />
59-->[com.google.android.play:asset-delivery:2.2.1] AndroidManifest.xml:13:5-77
59-->[com.google.android.play:asset-delivery:2.2.1] AndroidManifest.xml:13:22-74
60    <uses-permission android:name="android.permission.ACCESS_WIFI_STATE" />
60-->[com.google.android.libraries.places:places:3.4.0] AndroidManifest.xml:11:5-76
60-->[com.google.android.libraries.places:places:3.4.0] AndroidManifest.xml:11:22-73
61
62    <queries>
62-->[com.google.firebase:firebase-inappmessaging-display:20.4.1] AndroidManifest.xml:10:5-16:15
63        <intent>
63-->[com.google.firebase:firebase-inappmessaging-display:20.4.1] AndroidManifest.xml:11:9-15:18
64            <action android:name="android.intent.action.VIEW" />
64-->[com.google.firebase:firebase-inappmessaging-display:20.4.1] AndroidManifest.xml:12:13-65
64-->[com.google.firebase:firebase-inappmessaging-display:20.4.1] AndroidManifest.xml:12:21-62
65
66            <data android:scheme="https" />
66-->[com.google.firebase:firebase-inappmessaging-display:20.4.1] AndroidManifest.xml:14:13-44
66-->[com.google.firebase:firebase-inappmessaging-display:20.4.1] AndroidManifest.xml:14:19-41
67        </intent>
68
69        <package android:name="com.google.ar.core" />
69-->[com.google.ar:core:1.42.0] AndroidManifest.xml:21:9-54
69-->[com.google.ar:core:1.42.0] AndroidManifest.xml:21:18-51
70        <package android:name="com.android.vending" />
70-->[com.google.ar:core:1.42.0] AndroidManifest.xml:22:9-55
70-->[com.google.ar:core:1.42.0] AndroidManifest.xml:22:18-52
71
72        <intent>
72-->[com.google.ar:core:1.42.0] AndroidManifest.xml:24:9-26:18
73            <action android:name="com.google.android.play.core.install.BIND_INSTALL_SERVICE" />
73-->[com.google.ar:core:1.42.0] AndroidManifest.xml:25:13-96
73-->[com.google.ar:core:1.42.0] AndroidManifest.xml:25:21-93
74        </intent> <!-- Needs to be explicitly declared on Android R+ -->
75        <package android:name="com.google.android.apps.maps" />
75-->[com.google.android.gms:play-services-maps:18.2.0] AndroidManifest.xml:33:9-64
75-->[com.google.android.gms:play-services-maps:18.2.0] AndroidManifest.xml:33:18-61
76    </queries>
77
78    <uses-permission android:name="android.permission.WAKE_LOCK" /> <!-- Required by older versions of Google Play services to create IID tokens -->
78-->[com.google.firebase:firebase-messaging:23.4.1] AndroidManifest.xml:24:5-68
78-->[com.google.firebase:firebase-messaging:23.4.1] AndroidManifest.xml:24:22-65
79    <uses-permission android:name="com.google.android.c2dm.permission.RECEIVE" />
79-->[com.google.firebase:firebase-messaging:23.4.1] AndroidManifest.xml:26:5-82
79-->[com.google.firebase:firebase-messaging:23.4.1] AndroidManifest.xml:26:22-79
80
81    <uses-feature
81-->[com.google.android.gms:play-services-maps:18.2.0] AndroidManifest.xml:26:5-28:35
82        android:glEsVersion="0x00020000"
82-->[com.google.android.gms:play-services-maps:18.2.0] AndroidManifest.xml:27:9-41
83        android:required="true" />
83-->[com.google.android.gms:play-services-maps:18.2.0] AndroidManifest.xml:28:9-32
84
85    <uses-permission android:name="com.google.android.gms.permission.AD_ID" />
85-->[com.google.android.gms:play-services-measurement-api:21.6.1] AndroidManifest.xml:25:5-79
85-->[com.google.android.gms:play-services-measurement-api:21.6.1] AndroidManifest.xml:25:22-76
86    <uses-permission android:name="android.permission.ACCESS_ADSERVICES_ATTRIBUTION" />
86-->[com.google.android.gms:play-services-measurement-api:21.6.1] AndroidManifest.xml:26:5-88
86-->[com.google.android.gms:play-services-measurement-api:21.6.1] AndroidManifest.xml:26:22-85
87    <uses-permission android:name="android.permission.ACCESS_ADSERVICES_AD_ID" />
87-->[com.google.android.gms:play-services-measurement-api:21.6.1] AndroidManifest.xml:27:5-82
87-->[com.google.android.gms:play-services-measurement-api:21.6.1] AndroidManifest.xml:27:22-79
88    <uses-permission android:name="com.google.android.finsky.permission.BIND_GET_INSTALL_REFERRER_SERVICE" />
88-->[com.google.android.gms:play-services-measurement:21.6.1] AndroidManifest.xml:26:5-110
88-->[com.google.android.gms:play-services-measurement:21.6.1] AndroidManifest.xml:26:22-107
89
90    <permission
90-->[androidx.core:core:1.10.1] AndroidManifest.xml:22:5-24:47
91        android:name="br.com.qrcred.DYNAMIC_RECEIVER_NOT_EXPORTED_PERMISSION"
91-->[androidx.core:core:1.10.1] AndroidManifest.xml:23:9-81
92        android:protectionLevel="signature" />
92-->[androidx.core:core:1.10.1] AndroidManifest.xml:24:9-44
93
94    <uses-permission android:name="br.com.qrcred.DYNAMIC_RECEIVER_NOT_EXPORTED_PERMISSION" />
94-->[androidx.core:core:1.10.1] AndroidManifest.xml:26:5-97
94-->[androidx.core:core:1.10.1] AndroidManifest.xml:26:22-94
95
96    <uses-feature
96-->[com.journeyapps:zxing-android-embedded:4.3.0] AndroidManifest.xml:28:5-30:36
97        android:name="android.hardware.camera.front"
97-->[com.journeyapps:zxing-android-embedded:4.3.0] AndroidManifest.xml:29:9-53
98        android:required="false" /> <!-- TODO replace above two with next line after Android 4.2 -->
98-->[com.journeyapps:zxing-android-embedded:4.3.0] AndroidManifest.xml:30:9-33
99    <!-- <uses-feature android:name="android.hardware.camera.any"/> -->
100    <uses-feature
100-->[com.journeyapps:zxing-android-embedded:4.3.0] AndroidManifest.xml:33:5-35:36
101        android:name="android.hardware.camera.autofocus"
101-->[com.journeyapps:zxing-android-embedded:4.3.0] AndroidManifest.xml:34:9-57
102        android:required="false" />
102-->[com.journeyapps:zxing-android-embedded:4.3.0] AndroidManifest.xml:35:9-33
103    <uses-feature
103-->[com.journeyapps:zxing-android-embedded:4.3.0] AndroidManifest.xml:36:5-38:36
104        android:name="android.hardware.camera.flash"
104-->[com.journeyapps:zxing-android-embedded:4.3.0] AndroidManifest.xml:37:9-53
105        android:required="false" />
105-->[com.journeyapps:zxing-android-embedded:4.3.0] AndroidManifest.xml:38:9-33
106    <uses-feature
106-->[com.journeyapps:zxing-android-embedded:4.3.0] AndroidManifest.xml:39:5-41:36
107        android:name="android.hardware.screen.landscape"
107-->[com.journeyapps:zxing-android-embedded:4.3.0] AndroidManifest.xml:40:9-57
108        android:required="false" />
108-->[com.journeyapps:zxing-android-embedded:4.3.0] AndroidManifest.xml:41:9-33
109    <uses-feature
109-->[com.journeyapps:zxing-android-embedded:4.3.0] AndroidManifest.xml:42:5-44:36
110        android:name="android.hardware.wifi"
110-->[com.journeyapps:zxing-android-embedded:4.3.0] AndroidManifest.xml:43:9-45
111        android:required="false" />
111-->[com.journeyapps:zxing-android-embedded:4.3.0] AndroidManifest.xml:44:9-33
112
113    <application
113-->src\main\AndroidManifest.xml:51:5-246:19
114        android:name="br.com.qrcred.OrgsApplication"
114-->src\main\AndroidManifest.xml:52:9-40
115        android:allowBackup="true"
115-->[com.github.rtoshiro.mflibrary:mflibrary:1.0.0] AndroidManifest.xml:12:9-35
116        android:appComponentFactory="androidx.core.app.CoreComponentFactory"
116-->[androidx.core:core:1.10.1] AndroidManifest.xml:28:18-86
117        android:configChanges="orientation|screenSize"
117-->src\main\AndroidManifest.xml:53:9-55
118        android:dataExtractionRules="@xml/data_extraction_rules"
118-->src\main\AndroidManifest.xml:54:9-65
119        android:debuggable="true"
120        android:extractNativeLibs="true"
121        android:fullBackupContent="@xml/backup_descriptor"
121-->src\main\AndroidManifest.xml:55:9-59
122        android:icon="@mipmap/ic_launcher_round"
122-->src\main\AndroidManifest.xml:56:9-49
123        android:label="@string/app_name"
123-->src\main\AndroidManifest.xml:57:9-41
124        android:networkSecurityConfig="@xml/network_security_config"
124-->src\main\AndroidManifest.xml:58:9-69
125        android:roundIcon="@mipmap/ic_launcher_round"
125-->src\main\AndroidManifest.xml:59:9-54
126        android:supportsRtl="true"
126-->src\main\AndroidManifest.xml:60:9-35
127        android:theme="@style/MyApplicationTheme"
127-->src\main\AndroidManifest.xml:61:9-50
128        android:usesCleartextTraffic="false" >
128-->src\main\AndroidManifest.xml:62:9-45
129        <activity
129-->src\main\AndroidManifest.xml:64:9-66:40
130            android:name="br.com.qrcred.AntecipacaoTelaFinal"
130-->src\main\AndroidManifest.xml:65:13-49
131            android:exported="false" />
131-->src\main\AndroidManifest.xml:66:13-37
132        <!--
133             TODO: Before you run your application, you need a Google Maps API key.
134
135             To get one, follow the directions here:
136
137                https://developers.google.com/maps/documentation/android-sdk/get-api-key
138
139             Once you have your API key (it starts with "AIza"), define a new property in your
140             project's local.properties file (e.g. MAPS_API_KEY=Aiza...), and replace the
141             "YOUR_API_KEY" string in this file with "${MAPS_API_KEY}".
142        -->
143        <meta-data
143-->src\main\AndroidManifest.xml:78:9-80:54
144            android:name="com.google.android.geo.API_KEY"
144-->src\main\AndroidManifest.xml:79:13-58
145            android:value="@string/my_map_api_key" />
145-->src\main\AndroidManifest.xml:80:13-51
146
147        <activity
147-->src\main\AndroidManifest.xml:82:9-84:40
148            android:name="br.com.qrcred.Activity_tela_User"
148-->src\main\AndroidManifest.xml:83:13-47
149            android:exported="false" />
149-->src\main\AndroidManifest.xml:84:13-37
150        <activity
150-->src\main\AndroidManifest.xml:85:9-87:40
151            android:name="br.com.qrcred.MainActivitySendNotificacao"
151-->src\main\AndroidManifest.xml:86:13-56
152            android:exported="false" />
152-->src\main\AndroidManifest.xml:87:13-37
153        <activity
153-->src\main\AndroidManifest.xml:88:9-90:40
154            android:name="br.com.qrcred.convenio.MainActivityRedefinirSenhaConvenio"
154-->src\main\AndroidManifest.xml:89:13-72
155            android:exported="false" />
155-->src\main\AndroidManifest.xml:90:13-37
156        <activity
156-->src\main\AndroidManifest.xml:91:9-94:52
157            android:name="br.com.qrcred.MainActivityRedefinirSenha"
157-->src\main\AndroidManifest.xml:92:13-55
158            android:exported="false"
158-->src\main\AndroidManifest.xml:93:13-37
159            android:screenOrientation="portrait" />
159-->src\main\AndroidManifest.xml:94:13-49
160        <activity
160-->src\main\AndroidManifest.xml:95:9-99:52
161            android:name="br.com.qrcred.TelaContainerConvenio"
161-->src\main\AndroidManifest.xml:96:13-50
162            android:exported="true"
162-->src\main\AndroidManifest.xml:97:13-36
163            android:label="@string/title_activity_tela_container_convenio"
163-->src\main\AndroidManifest.xml:98:13-75
164            android:screenOrientation="portrait" />
164-->src\main\AndroidManifest.xml:99:13-49
165        <activity
165-->src\main\AndroidManifest.xml:100:9-104:52
166            android:name="br.com.qrcred.Home2ActivityMenu"
166-->src\main\AndroidManifest.xml:101:13-46
167            android:exported="true"
167-->src\main\AndroidManifest.xml:102:13-36
168            android:label="@string/title_activity_home2_menu"
168-->src\main\AndroidManifest.xml:103:13-62
169            android:screenOrientation="portrait" />
169-->src\main\AndroidManifest.xml:104:13-49
170        <activity
170-->src\main\AndroidManifest.xml:105:9-107:40
171            android:name="br.com.qrcred.convenio.Scanner"
171-->src\main\AndroidManifest.xml:106:13-45
172            android:exported="false" />
172-->src\main\AndroidManifest.xml:107:13-37
173        <activity
173-->src\main\AndroidManifest.xml:108:9-111:72
174            android:name="com.karumi.dexter.DexterActivity"
174-->src\main\AndroidManifest.xml:109:13-60
175            android:exported="true"
175-->src\main\AndroidManifest.xml:110:13-36
176            android:theme="@style/Dexter.Internal.Theme.Transparent" />
176-->src\main\AndroidManifest.xml:111:13-69
177        <activity
177-->src\main\AndroidManifest.xml:112:9-116:71
178            android:name="br.com.qrcred.MainActivity"
178-->src\main\AndroidManifest.xml:113:13-41
179            android:exported="true"
179-->src\main\AndroidManifest.xml:114:13-36
180            android:screenOrientation="portrait"
180-->src\main\AndroidManifest.xml:115:13-49
181            android:windowSoftInputMode="stateVisible|adjustResize" />
181-->src\main\AndroidManifest.xml:116:13-68
182        <activity
182-->src\main\AndroidManifest.xml:117:9-119:40
183            android:name="br.com.qrcred.MapsActivity"
183-->src\main\AndroidManifest.xml:118:13-41
184            android:exported="false" />
184-->src\main\AndroidManifest.xml:119:13-37
185        <activity
185-->src\main\AndroidManifest.xml:120:9-123:52
186            android:name="br.com.qrcred.convenio.MainActivityContrato"
186-->src\main\AndroidManifest.xml:121:13-58
187            android:exported="true"
187-->src\main\AndroidManifest.xml:122:13-36
188            android:screenOrientation="portrait" />
188-->src\main\AndroidManifest.xml:123:13-49
189        <activity
189-->src\main\AndroidManifest.xml:124:9-127:55
190            android:name="br.com.qrcred.PoliticaPrivacideActivity"
190-->src\main\AndroidManifest.xml:125:13-54
191            android:exported="true"
191-->src\main\AndroidManifest.xml:126:13-36
192            android:label="Política de privacidade" />
192-->src\main\AndroidManifest.xml:127:13-52
193        <activity
193-->src\main\AndroidManifest.xml:129:9-133:52
194            android:name="br.com.qrcred.MostraCuponActivity"
194-->src\main\AndroidManifest.xml:130:13-48
195            android:exported="true"
195-->src\main\AndroidManifest.xml:131:13-36
196            android:label="@string/title_activity_mostra_cupon"
196-->src\main\AndroidManifest.xml:132:13-64
197            android:screenOrientation="portrait" />
197-->src\main\AndroidManifest.xml:133:13-49
198        <activity
198-->src\main\AndroidManifest.xml:135:9-139:71
199            android:name="br.com.qrcred.convenio.CadConveniosActivity"
199-->src\main\AndroidManifest.xml:136:13-58
200            android:exported="true"
200-->src\main\AndroidManifest.xml:137:13-36
201            android:screenOrientation="portrait"
201-->src\main\AndroidManifest.xml:138:13-49
202            android:windowSoftInputMode="stateVisible|adjustResize" />
202-->src\main\AndroidManifest.xml:139:13-68
203        <activity
203-->src\main\AndroidManifest.xml:141:9-144:52
204            android:name="br.com.qrcred.MainActivityFotoCupom"
204-->src\main\AndroidManifest.xml:142:13-50
205            android:exported="true"
205-->src\main\AndroidManifest.xml:143:13-36
206            android:screenOrientation="portrait" />
206-->src\main\AndroidManifest.xml:144:13-49
207        <activity
207-->src\main\AndroidManifest.xml:145:9-148:52
208            android:name="br.com.qrcred.MainActivityConfirma_venda"
208-->src\main\AndroidManifest.xml:146:13-55
209            android:exported="true"
209-->src\main\AndroidManifest.xml:147:13-36
210            android:screenOrientation="portrait" />
210-->src\main\AndroidManifest.xml:148:13-49
211
212        <service
212-->src\main\AndroidManifest.xml:150:9-158:19
213            android:name="br.com.qrcred.service.MyFirebaseMessagingService"
213-->src\main\AndroidManifest.xml:151:13-63
214            android:exported="true"
214-->src\main\AndroidManifest.xml:152:13-36
215            android:permission="com.google.android.c2dm.permission.Send" >
215-->src\main\AndroidManifest.xml:153:13-73
216            <intent-filter>
216-->src\main\AndroidManifest.xml:154:13-157:29
217                <action android:name="com.google.firebase.MESSAGING_EVENT" />
217-->src\main\AndroidManifest.xml:155:17-78
217-->src\main\AndroidManifest.xml:155:25-75
218                <action android:name="com.google.android.c2dm.intent.Reciever" />
218-->src\main\AndroidManifest.xml:156:17-82
218-->src\main\AndroidManifest.xml:156:25-79
219            </intent-filter>
220        </service>
221
222        <activity
222-->src\main\AndroidManifest.xml:159:9-162:52
223            android:name="br.com.qrcred.TelaMenuActivity"
223-->src\main\AndroidManifest.xml:160:13-45
224            android:exported="true"
224-->src\main\AndroidManifest.xml:161:13-36
225            android:screenOrientation="portrait" />
225-->src\main\AndroidManifest.xml:162:13-49
226        <activity
226-->src\main\AndroidManifest.xml:163:9-166:52
227            android:name="br.com.qrcred.Menu2MainActivity"
227-->src\main\AndroidManifest.xml:164:13-46
228            android:exported="true"
228-->src\main\AndroidManifest.xml:165:13-36
229            android:screenOrientation="portrait" />
229-->src\main\AndroidManifest.xml:166:13-49
230        <activity
230-->src\main\AndroidManifest.xml:167:9-183:20
231            android:name="br.com.qrcred.TelaInicioActivity"
231-->src\main\AndroidManifest.xml:168:13-47
232            android:exported="true"
232-->src\main\AndroidManifest.xml:169:13-36
233            android:screenOrientation="portrait" >
233-->src\main\AndroidManifest.xml:170:13-49
234            <intent-filter>
234-->src\main\AndroidManifest.xml:171:13-175:29
235                <action android:name="android.intent.action.MAIN" />
235-->src\main\AndroidManifest.xml:172:17-69
235-->src\main\AndroidManifest.xml:172:25-66
236
237                <category android:name="android.intent.category.LAUNCHER" />
237-->src\main\AndroidManifest.xml:174:17-77
237-->src\main\AndroidManifest.xml:174:27-74
238            </intent-filter>
239            <!-- Add -->
240            <intent-filter>
240-->src\main\AndroidManifest.xml:177:13-181:29
241                <action android:name="com.deeplabstudio.fcm_NOTIFICATION" />
241-->src\main\AndroidManifest.xml:178:17-77
241-->src\main\AndroidManifest.xml:178:25-74
242
243                <category android:name="android.intent.category.DEFAULT" />
243-->src\main\AndroidManifest.xml:180:17-76
243-->src\main\AndroidManifest.xml:180:27-73
244            </intent-filter>
245            <!--  -->
246        </activity>
247        <activity
247-->src\main\AndroidManifest.xml:184:9-187:52
248            android:name="br.com.qrcred.Convenios_detalhes"
248-->src\main\AndroidManifest.xml:185:13-47
249            android:exported="true"
249-->src\main\AndroidManifest.xml:186:13-36
250            android:screenOrientation="portrait" />
250-->src\main\AndroidManifest.xml:187:13-49
251        <activity
251-->src\main\AndroidManifest.xml:188:9-192:71
252            android:name="br.com.qrcred.convenio.ActivityLoginConvenio"
252-->src\main\AndroidManifest.xml:189:13-59
253            android:exported="true"
253-->src\main\AndroidManifest.xml:190:13-36
254            android:screenOrientation="portrait"
254-->src\main\AndroidManifest.xml:191:13-49
255            android:windowSoftInputMode="stateVisible|adjustResize" />
255-->src\main\AndroidManifest.xml:192:13-68
256
257        <meta-data
257-->src\main\AndroidManifest.xml:194:9-196:36
258            android:name="com.google.android.gms.ads.AD_MANAGER_APP"
258-->src\main\AndroidManifest.xml:195:13-69
259            android:value="true" />
259-->src\main\AndroidManifest.xml:196:13-33
260        <meta-data
260-->src\main\AndroidManifest.xml:197:9-199:40
261            android:name="com.google.ar.core"
261-->src\main\AndroidManifest.xml:198:13-46
262            android:value="optional" />
262-->src\main\AndroidManifest.xml:199:13-37
263        <meta-data
263-->src\main\AndroidManifest.xml:200:9-202:69
264            android:name="com.google.android.gsm.version"
264-->src\main\AndroidManifest.xml:201:13-58
265            android:value="@integer/google_play_services_version" />
265-->src\main\AndroidManifest.xml:202:13-66
266        <meta-data
266-->src\main\AndroidManifest.xml:203:9-205:36
267            android:name="firebase_crashlytics_collection_enabled"
267-->src\main\AndroidManifest.xml:204:13-67
268            android:value="true" />
268-->src\main\AndroidManifest.xml:205:13-33
269
270        <provider
271            android:name="androidx.core.content.FileProvider"
271-->src\main\AndroidManifest.xml:208:13-62
272            android:authorities="br.com.qrcred.provider"
272-->src\main\AndroidManifest.xml:209:13-60
273            android:exported="false"
273-->src\main\AndroidManifest.xml:210:13-37
274            android:grantUriPermissions="true" >
274-->src\main\AndroidManifest.xml:211:13-47
275            <meta-data
275-->src\main\AndroidManifest.xml:212:13-214:54
276                android:name="android.support.FILE_PROVIDER_PATHS"
276-->src\main\AndroidManifest.xml:213:17-67
277                android:resource="@xml/file_paths" />
277-->src\main\AndroidManifest.xml:214:17-51
278        </provider>
279
280        <uses-library android:name="org.apache.http.legacy" />
280-->src\main\AndroidManifest.xml:216:9-63
280-->src\main\AndroidManifest.xml:216:23-60
281
282        <service
282-->src\main\AndroidManifest.xml:218:9-244:19
283            android:name="com.google.firebase.components.ComponentDiscoveryService"
283-->src\main\AndroidManifest.xml:218:18-89
284            android:directBootAware="true"
284-->[com.google.firebase:firebase-common:20.4.3] AndroidManifest.xml:32:13-43
285            android:exported="false" >
285-->[com.google.firebase:firebase-config:21.6.3] AndroidManifest.xml:28:13-37
286            <meta-data
286-->src\main\AndroidManifest.xml:219:13-221:85
287                android:name="com.google.firebase.components:com.google.firebase.messaging.FirebaseMessagingRegistrar"
287-->src\main\AndroidManifest.xml:220:17-119
288                android:value="com.google.firebase.components.ComponentRegistrar" />
288-->src\main\AndroidManifest.xml:221:17-82
289            <meta-data
289-->src\main\AndroidManifest.xml:222:13-224:85
290                android:name="com.google.firebase.components:com.google.firebase.installations.FirebaseInstallationsRegistrar"
290-->src\main\AndroidManifest.xml:223:17-127
291                android:value="com.google.firebase.components.ComponentRegistrar" />
291-->src\main\AndroidManifest.xml:224:17-82
292            <meta-data
292-->src\main\AndroidManifest.xml:225:13-227:85
293                android:name="com.google.firebase.components:com.google.firebase.analytics.connector.internal.AnalyticsConnectorRegistrar"
293-->src\main\AndroidManifest.xml:226:17-139
294                android:value="com.google.firebase.components.ComponentRegistrar" />
294-->src\main\AndroidManifest.xml:227:17-82
295            <meta-data
295-->src\main\AndroidManifest.xml:228:13-230:85
296                android:name="com.google.firebase.components:com.google.firebase.iid.Registrar"
296-->src\main\AndroidManifest.xml:229:17-96
297                android:value="com.google.firebase.components.ComponentRegistrar" />
297-->src\main\AndroidManifest.xml:230:17-82
298            <meta-data
298-->src\main\AndroidManifest.xml:231:13-233:85
299                android:name="com.google.firebase.components:com.google.firebase.auth.FirebaseAuthRegistrar"
299-->src\main\AndroidManifest.xml:232:17-109
300                android:value="com.google.firebase.components.ComponentRegistrar" />
300-->src\main\AndroidManifest.xml:233:17-82
301            <meta-data
301-->src\main\AndroidManifest.xml:234:13-236:85
302                android:name="com.google.firebase.components:com.google.firebase.storage.StorageRegistrar"
302-->src\main\AndroidManifest.xml:235:17-107
303                android:value="com.google.firebase.components.ComponentRegistrar" />
303-->src\main\AndroidManifest.xml:236:17-82
304            <meta-data
304-->src\main\AndroidManifest.xml:237:13-239:85
305                android:name="com.google.firebase.components:com.google.firebase.firestore.FirestoreRegistrar"
305-->src\main\AndroidManifest.xml:238:17-111
306                android:value="com.google.firebase.components.ComponentRegistrar" />
306-->src\main\AndroidManifest.xml:239:17-82
307            <meta-data
307-->src\main\AndroidManifest.xml:240:13-242:85
308                android:name="com.google.firebase.components:com.google.firebase.database.DatabaseRegistrar"
308-->src\main\AndroidManifest.xml:241:17-109
309                android:value="com.google.firebase.components.ComponentRegistrar" />
309-->src\main\AndroidManifest.xml:242:17-82
310            <meta-data